[2026-04-12T10:36:56-04:00] Clear uploads executed | {"deleted_images":1,"deleted_audio":0,"deleted_logs":1,"errors":[]}
[2026-04-12T10:36:56-04:00] Incoming request | {"method":"GET","action":"list_assets","get":{"action":"list_assets","type":"image"},"post_keys":[],"files_keys":[]}
[2026-04-12T10:36:56-04:00] Incoming request | {"method":"GET","action":"list_assets","get":{"action":"list_assets","type":"audio"},"post_keys":[],"files_keys":[]}
[2026-04-12T10:36:57-04:00] Incoming request | {"method":"GET","action":"list_assets","get":{"action":"list_assets","type":"image"},"post_keys":[],"files_keys":[]}
[2026-04-12T10:36:57-04:00] Incoming request | {"method":"GET","action":"list_assets","get":{"action":"list_assets","type":"audio"},"post_keys":[],"files_keys":[]}
[2026-04-12T10:37:04-04:00] Incoming request | {"method":"GET","action":"list_assets","get":{"action":"list_assets","type":"image"},"post_keys":[],"files_keys":[]}
[2026-04-12T10:37:04-04:00] Incoming request | {"method":"GET","action":"list_assets","get":{"action":"list_assets","type":"audio"},"post_keys":[],"files_keys":[]}
[2026-04-12T11:34:02-04:00] Incoming request | {"method":"GET","action":"list_assets","get":{"action":"list_assets","type":"image"},"post_keys":[],"files_keys":[]}
[2026-04-12T11:34:02-04:00] Incoming request | {"method":"GET","action":"list_assets","get":{"action":"list_assets","type":"audio"},"post_keys":[],"files_keys":[]}
[2026-04-12T11:43:07-04:00] Incoming request | {"method":"POST","action":"save_all","get":{"action":"save_all"},"post_keys":[],"files_keys":[]}
[2026-04-12T11:46:36-04:00] Incoming request | {"method":"GET","action":"list_assets","get":{"action":"list_assets","type":"image"},"post_keys":[],"files_keys":[]}
[2026-04-12T11:46:36-04:00] Incoming request | {"method":"GET","action":"list_assets","get":{"action":"list_assets","type":"audio"},"post_keys":[],"files_keys":[]}
[2026-04-12T11:49:06-04:00] Incoming request | {"method":"GET","action":"list_assets","get":{"action":"list_assets","type":"image"},"post_keys":[],"files_keys":[]}
[2026-04-12T11:49:06-04:00] Incoming request | {"method":"GET","action":"list_assets","get":{"action":"list_assets","type":"audio"},"post_keys":[],"files_keys":[]}
[2026-04-12T11:50:12-04:00] Incoming request | {"method":"POST","action":"save_all","get":{"action":"save_all"},"post_keys":[],"files_keys":[]}
[2026-04-12T11:50:13-04:00] Incoming request | {"method":"GET","action":"list_assets","get":{"action":"list_assets","type":"image"},"post_keys":[],"files_keys":[]}
[2026-04-12T11:50:13-04:00] Incoming request | {"method":"GET","action":"list_assets","get":{"action":"list_assets","type":"audio"},"post_keys":[],"files_keys":[]}
[2026-04-12T11:50:39-04:00] Incoming request | {"method":"GET","action":"ensure_upload_dirs","get":{"action":"ensure_upload_dirs"},"post_keys":[],"files_keys":[]}
[2026-04-12T11:50:40-04:00] Incoming request | {"method":"POST","action":"upload_assets","get":{"action":"upload_assets","type":"image"},"post_keys":[],"files_keys":["upload_files"]}
[2026-04-12T11:51:06-04:00] Incoming request | {"method":"GET","action":"list_assets","get":{"action":"list_assets","type":"image"},"post_keys":[],"files_keys":[]}
[2026-04-12T11:51:06-04:00] Incoming request | {"method":"GET","action":"list_assets","get":{"action":"list_assets","type":"audio"},"post_keys":[],"files_keys":[]}
[2026-04-12T11:54:04-04:00] Incoming request | {"method":"GET","action":"list_assets","get":{"action":"list_assets","type":"image"},"post_keys":[],"files_keys":[]}
[2026-04-12T11:54:04-04:00] Incoming request | {"method":"GET","action":"list_assets","get":{"action":"list_assets","type":"audio"},"post_keys":[],"files_keys":[]}
[2026-04-12T11:54:34-04:00] Incoming request | {"method":"POST","action":"delete_asset","get":{"action":"delete_asset","type":"image"},"post_keys":[],"files_keys":[]}
[2026-04-12T11:54:37-04:00] Incoming request | {"method":"POST","action":"save_all","get":{"action":"save_all"},"post_keys":[],"files_keys":[]}
[2026-04-12T11:54:38-04:00] Incoming request | {"method":"GET","action":"list_assets","get":{"action":"list_assets","type":"image"},"post_keys":[],"files_keys":[]}
[2026-04-12T11:54:38-04:00] Incoming request | {"method":"GET","action":"list_assets","get":{"action":"list_assets","type":"audio"},"post_keys":[],"files_keys":[]}
[2026-04-12T11:55:23-04:00] Incoming request | {"method":"GET","action":"ensure_upload_dirs","get":{"action":"ensure_upload_dirs"},"post_keys":[],"files_keys":[]}
[2026-04-12T11:55:24-04:00] Incoming request | {"method":"POST","action":"upload_assets","get":{"action":"upload_assets","type":"image"},"post_keys":[],"files_keys":["upload_files"]}
[2026-04-12T11:56:33-04:00] Incoming request | {"method":"GET","action":"list_assets","get":{"action":"list_assets","type":"image"},"post_keys":[],"files_keys":[]}
[2026-04-12T11:56:33-04:00] Incoming request | {"method":"GET","action":"list_assets","get":{"action":"list_assets","type":"audio"},"post_keys":[],"files_keys":[]}
[2026-04-12T11:57:57-04:00] Incoming request | {"method":"GET","action":"list_assets","get":{"action":"list_assets","type":"image"},"post_keys":[],"files_keys":[]}
[2026-04-12T11:57:57-04:00] Incoming request | {"method":"GET","action":"list_assets","get":{"action":"list_assets","type":"audio"},"post_keys":[],"files_keys":[]}
[2026-04-12T12:06:40-04:00] Incoming request | {"method":"GET","action":"list_assets","get":{"action":"list_assets","type":"image"},"post_keys":[],"files_keys":[]}
[2026-04-12T12:06:40-04:00] Incoming request | {"method":"GET","action":"list_assets","get":{"action":"list_assets","type":"audio"},"post_keys":[],"files_keys":[]}
[2026-04-12T12:07:00-04:00] Incoming request | {"method":"GET","action":"list_assets","get":{"action":"list_assets","type":"image"},"post_keys":[],"files_keys":[]}
[2026-04-12T12:07:00-04:00] Incoming request | {"method":"GET","action":"list_assets","get":{"action":"list_assets","type":"audio"},"post_keys":[],"files_keys":[]}
[2026-04-12T12:08:17-04:00] Incoming request | {"method":"GET","action":"list_assets","get":{"action":"list_assets","type":"image"},"post_keys":[],"files_keys":[]}
[2026-04-12T12:08:17-04:00] Incoming request | {"method":"GET","action":"list_assets","get":{"action":"list_assets","type":"audio"},"post_keys":[],"files_keys":[]}
[2026-04-12T12:20:49-04:00] Incoming request | {"method":"POST","action":"save_all","get":{"action":"save_all"},"post_keys":[],"files_keys":[]}
[2026-04-12T12:20:53-04:00] Incoming request | {"method":"POST","action":"save_all","get":{"action":"save_all"},"post_keys":[],"files_keys":[]}
[2026-04-12T12:20:55-04:00] Incoming request | {"method":"GET","action":"list_assets","get":{"action":"list_assets","type":"image"},"post_keys":[],"files_keys":[]}
[2026-04-12T12:20:55-04:00] Incoming request | {"method":"GET","action":"list_assets","get":{"action":"list_assets","type":"audio"},"post_keys":[],"files_keys":[]}
[2026-04-12T12:22:25-04:00] Incoming request | {"method":"GET","action":"ensure_upload_dirs","get":{"action":"ensure_upload_dirs"},"post_keys":[],"files_keys":[]}
[2026-04-12T12:22:25-04:00] Incoming request | {"method":"POST","action":"upload_assets","get":{"action":"upload_assets","type":"image"},"post_keys":[],"files_keys":["upload_files"]}
[2026-04-12T12:23:46-04:00] Incoming request | {"method":"POST","action":"save_all","get":{"action":"save_all"},"post_keys":[],"files_keys":[]}
[2026-04-12T12:24:13-04:00] Incoming request | {"method":"GET","action":"list_assets","get":{"action":"list_assets","type":"image"},"post_keys":[],"files_keys":[]}
[2026-04-12T12:25:24-04:00] Incoming request | {"method":"POST","action":"save_all","get":{"action":"save_all"},"post_keys":[],"files_keys":[]}
[2026-04-12T12:26:24-04:00] Incoming request | {"method":"GET","action":"list_assets","get":{"action":"list_assets","type":"image"},"post_keys":[],"files_keys":[]}
[2026-04-12T12:29:32-04:00] Incoming request | {"method":"POST","action":"save_all","get":{"action":"save_all"},"post_keys":[],"files_keys":[]}
[2026-04-12T12:31:36-04:00] Incoming request | {"method":"GET","action":"list_assets","get":{"action":"list_assets","type":"image"},"post_keys":[],"files_keys":[]}
[2026-04-12T12:31:36-04:00] Incoming request | {"method":"GET","action":"list_assets","get":{"action":"list_assets","type":"audio"},"post_keys":[],"files_keys":[]}
[2026-04-12T12:32:11-04:00] Incoming request | {"method":"POST","action":"save_all","get":{"action":"save_all"},"post_keys":[],"files_keys":[]}
[2026-04-12T12:32:15-04:00] Incoming request | {"method":"GET","action":"list_assets","get":{"action":"list_assets","type":"audio"},"post_keys":[],"files_keys":[]}
[2026-04-12T12:32:15-04:00] Incoming request | {"method":"GET","action":"list_assets","get":{"action":"list_assets","type":"image"},"post_keys":[],"files_keys":[]}
[2026-04-12T12:32:31-04:00] Incoming request | {"method":"GET","action":"list_assets","get":{"action":"list_assets","type":"image"},"post_keys":[],"files_keys":[]}
[2026-04-12T12:32:31-04:00] Incoming request | {"method":"GET","action":"list_assets","get":{"action":"list_assets","type":"audio"},"post_keys":[],"files_keys":[]}
[2026-04-12T12:35:41-04:00] Incoming request | {"method":"POST","action":"save_all","get":{"action":"save_all"},"post_keys":[],"files_keys":[]}
[2026-04-12T12:36:04-04:00] Incoming request | {"method":"GET","action":"list_assets","get":{"action":"list_assets","type":"image"},"post_keys":[],"files_keys":[]}
[2026-04-12T12:36:04-04:00] Incoming request | {"method":"GET","action":"list_assets","get":{"action":"list_assets","type":"audio"},"post_keys":[],"files_keys":[]}
[2026-04-12T12:36:06-04:00] Incoming request | {"method":"GET","action":"list_assets","get":{"action":"list_assets","type":"audio"},"post_keys":[],"files_keys":[]}
[2026-04-12T12:36:06-04:00] Incoming request | {"method":"GET","action":"list_assets","get":{"action":"list_assets","type":"image"},"post_keys":[],"files_keys":[]}
[2026-04-12T12:45:37-04:00] Incoming request | {"method":"GET","action":"list_assets","get":{"action":"list_assets","type":"image"},"post_keys":[],"files_keys":[]}
[2026-04-12T12:45:38-04:00] Incoming request | {"method":"GET","action":"list_assets","get":{"action":"list_assets","type":"audio"},"post_keys":[],"files_keys":[]}
[2026-04-12T12:45:41-04:00] Incoming request | {"method":"GET","action":"list_assets","get":{"action":"list_assets","type":"image"},"post_keys":[],"files_keys":[]}
[2026-04-12T12:45:41-04:00] Incoming request | {"method":"GET","action":"list_assets","get":{"action":"list_assets","type":"audio"},"post_keys":[],"files_keys":[]}
[2026-04-12T12:46:39-04:00] Incoming request | {"method":"POST","action":"delete_layout","get":{"action":"delete_layout"},"post_keys":[],"files_keys":[]}
[2026-04-12T12:46:43-04:00] Incoming request | {"method":"POST","action":"delete_layout","get":{"action":"delete_layout"},"post_keys":[],"files_keys":[]}
[2026-04-12T12:46:46-04:00] Incoming request | {"method":"GET","action":"list_assets","get":{"action":"list_assets","type":"image"},"post_keys":[],"files_keys":[]}
[2026-04-12T12:46:46-04:00] Incoming request | {"method":"GET","action":"list_assets","get":{"action":"list_assets","type":"audio"},"post_keys":[],"files_keys":[]}
[2026-04-12T12:49:11-04:00] Incoming request | {"method":"POST","action":"save_all","get":{"action":"save_all"},"post_keys":[],"files_keys":[]}
[2026-04-12T12:49:48-04:00] Incoming request | {"method":"GET","action":"list_assets","get":{"action":"list_assets","type":"image"},"post_keys":[],"files_keys":[]}
[2026-04-12T12:50:33-04:00] Incoming request | {"method":"GET","action":"list_assets","get":{"action":"list_assets","type":"image"},"post_keys":[],"files_keys":[]}
[2026-04-12T12:50:33-04:00] Incoming request | {"method":"GET","action":"list_assets","get":{"action":"list_assets","type":"audio"},"post_keys":[],"files_keys":[]}
[2026-04-12T12:50:57-04:00] Incoming request | {"method":"POST","action":"save_all","get":{"action":"save_all"},"post_keys":[],"files_keys":[]}
[2026-04-12T12:52:01-04:00] Incoming request | {"method":"POST","action":"delete_theme","get":{"action":"delete_theme"},"post_keys":[],"files_keys":[]}
[2026-04-12T12:52:01-04:00] Incoming request | {"method":"POST","action":"delete_theme","get":{"action":"delete_theme"},"post_keys":[],"files_keys":[]}
[2026-04-12T12:52:02-04:00] Incoming request | {"method":"POST","action":"delete_theme","get":{"action":"delete_theme"},"post_keys":[],"files_keys":[]}
[2026-04-12T12:52:03-04:00] Incoming request | {"method":"POST","action":"delete_theme","get":{"action":"delete_theme"},"post_keys":[],"files_keys":[]}
[2026-04-12T12:52:06-04:00] Incoming request | {"method":"POST","action":"delete_theme","get":{"action":"delete_theme"},"post_keys":[],"files_keys":[]}
[2026-04-12T12:52:10-04:00] Incoming request | {"method":"POST","action":"delete_layout","get":{"action":"delete_layout"},"post_keys":[],"files_keys":[]}
[2026-04-12T12:52:17-04:00] Incoming request | {"method":"POST","action":"save_all","get":{"action":"save_all"},"post_keys":[],"files_keys":[]}
[2026-04-12T12:52:40-04:00] Incoming request | {"method":"GET","action":"list_assets","get":{"action":"list_assets","type":"image"},"post_keys":[],"files_keys":[]}
[2026-04-12T12:52:40-04:00] Incoming request | {"method":"GET","action":"list_assets","get":{"action":"list_assets","type":"audio"},"post_keys":[],"files_keys":[]}
[2026-04-12T12:52:47-04:00] Incoming request | {"method":"POST","action":"delete_theme","get":{"action":"delete_theme"},"post_keys":[],"files_keys":[]}
[2026-04-12T12:52:50-04:00] Incoming request | {"method":"POST","action":"save_all","get":{"action":"save_all"},"post_keys":[],"files_keys":[]}
[2026-04-12T12:52:51-04:00] Incoming request | {"method":"GET","action":"list_assets","get":{"action":"list_assets","type":"image"},"post_keys":[],"files_keys":[]}
[2026-04-12T12:52:51-04:00] Incoming request | {"method":"GET","action":"list_assets","get":{"action":"list_assets","type":"audio"},"post_keys":[],"files_keys":[]}
[2026-04-12T12:52:55-04:00] Incoming request | {"method":"GET","action":"list_assets","get":{"action":"list_assets","type":"audio"},"post_keys":[],"files_keys":[]}
[2026-04-12T12:52:55-04:00] Incoming request | {"method":"GET","action":"list_assets","get":{"action":"list_assets","type":"image"},"post_keys":[],"files_keys":[]}
[2026-04-12T12:53:14-04:00] Incoming request | {"method":"POST","action":"delete_layout","get":{"action":"delete_layout"},"post_keys":[],"files_keys":[]}
[2026-04-12T12:53:20-04:00] Incoming request | {"method":"POST","action":"delete_question_type","get":{"action":"delete_question_type"},"post_keys":[],"files_keys":[]}
[2026-04-12T12:53:20-04:00] Incoming request | {"method":"POST","action":"delete_question_type","get":{"action":"delete_question_type"},"post_keys":[],"files_keys":[]}
[2026-04-12T12:53:22-04:00] Incoming request | {"method":"POST","action":"save_all","get":{"action":"save_all"},"post_keys":[],"files_keys":[]}
[2026-04-12T12:53:26-04:00] Incoming request | {"method":"GET","action":"list_assets","get":{"action":"list_assets","type":"image"},"post_keys":[],"files_keys":[]}
[2026-04-12T12:53:26-04:00] Incoming request | {"method":"GET","action":"list_assets","get":{"action":"list_assets","type":"audio"},"post_keys":[],"files_keys":[]}
[2026-04-12T13:04:17-04:00] Incoming request | {"method":"GET","action":"list_assets","get":{"action":"list_assets","type":"image","_ts":"1776013456246"},"post_keys":[],"files_keys":[]}
[2026-04-12T13:04:17-04:00] Incoming request | {"method":"GET","action":"list_assets","get":{"action":"list_assets","type":"audio","_ts":"1776013456246"},"post_keys":[],"files_keys":[]}
[2026-04-12T13:04:27-04:00] Incoming request | {"method":"POST","action":"delete_question_type","get":{"action":"delete_question_type"},"post_keys":[],"files_keys":[]}
[2026-04-12T13:04:30-04:00] Incoming request | {"method":"POST","action":"delete_layout","get":{"action":"delete_layout"},"post_keys":[],"files_keys":[]}
[2026-04-12T13:06:19-04:00] Incoming request | {"method":"POST","action":"save_all","get":{"action":"save_all"},"post_keys":[],"files_keys":[]}
[2026-04-12T13:07:09-04:00] Incoming request | {"method":"GET","action":"list_assets","get":{"action":"list_assets","type":"image"},"post_keys":[],"files_keys":[]}
[2026-04-12T13:18:21-04:00] Incoming request | {"method":"GET","action":"list_assets","get":{"action":"list_assets","type":"image","_ts":"1776014300596"},"post_keys":[],"files_keys":[]}
[2026-04-12T13:18:21-04:00] Incoming request | {"method":"GET","action":"list_assets","get":{"action":"list_assets","type":"audio","_ts":"1776014300597"},"post_keys":[],"files_keys":[]}
[2026-04-12T13:18:49-04:00] Incoming request | {"method":"GET","action":"list_assets","get":{"action":"list_assets","type":"image","_ts":"1776014328881"},"post_keys":[],"files_keys":[]}
[2026-04-12T13:18:49-04:00] Incoming request | {"method":"GET","action":"list_assets","get":{"action":"list_assets","type":"audio","_ts":"1776014328882"},"post_keys":[],"files_keys":[]}
[2026-04-12T13:24:42-04:00] Incoming request | {"method":"POST","action":"delete_layout","get":{"action":"delete_layout"},"post_keys":[],"files_keys":[]}
[2026-04-12T13:24:43-04:00] Incoming request | {"method":"POST","action":"delete_layout","get":{"action":"delete_layout"},"post_keys":[],"files_keys":[]}
[2026-04-12T13:24:44-04:00] Incoming request | {"method":"POST","action":"delete_layout","get":{"action":"delete_layout"},"post_keys":[],"files_keys":[]}
[2026-04-12T13:24:45-04:00] Incoming request | {"method":"POST","action":"delete_layout","get":{"action":"delete_layout"},"post_keys":[],"files_keys":[]}
[2026-04-12T13:24:46-04:00] Incoming request | {"method":"POST","action":"delete_layout","get":{"action":"delete_layout"},"post_keys":[],"files_keys":[]}
[2026-04-12T13:24:48-04:00] Incoming request | {"method":"POST","action":"save_all","get":{"action":"save_all"},"post_keys":[],"files_keys":[]}
[2026-04-12T13:24:59-04:00] Incoming request | {"method":"POST","action":"save_all","get":{"action":"save_all"},"post_keys":[],"files_keys":[]}
[2026-04-12T13:25:35-04:00] Incoming request | {"method":"GET","action":"list_assets","get":{"action":"list_assets","type":"image","_ts":"1776014734812"},"post_keys":[],"files_keys":[]}
[2026-04-12T13:25:35-04:00] Incoming request | {"method":"GET","action":"list_assets","get":{"action":"list_assets","type":"audio","_ts":"1776014734813"},"post_keys":[],"files_keys":[]}
[2026-04-12T13:25:50-04:00] Incoming request | {"method":"GET","action":"list_assets","get":{"action":"list_assets","type":"audio","_ts":"1776014749522"},"post_keys":[],"files_keys":[]}
[2026-04-12T13:25:50-04:00] Incoming request | {"method":"GET","action":"list_assets","get":{"action":"list_assets","type":"image","_ts":"1776014749521"},"post_keys":[],"files_keys":[]}
[2026-04-12T13:25:53-04:00] Incoming request | {"method":"GET","action":"list_assets","get":{"action":"list_assets","type":"image","_ts":"1776014752753"},"post_keys":[],"files_keys":[]}
[2026-04-12T13:25:53-04:00] Incoming request | {"method":"GET","action":"list_assets","get":{"action":"list_assets","type":"audio","_ts":"1776014752753"},"post_keys":[],"files_keys":[]}
[2026-04-12T13:27:33-04:00] Incoming request | {"method":"GET","action":"list_assets","get":{"action":"list_assets","type":"image","_ts":"1776014852958"},"post_keys":[],"files_keys":[]}
[2026-04-12T13:27:33-04:00] Incoming request | {"method":"GET","action":"list_assets","get":{"action":"list_assets","type":"audio","_ts":"1776014852959"},"post_keys":[],"files_keys":[]}
[2026-04-12T13:27:37-04:00] Incoming request | {"method":"GET","action":"list_assets","get":{"action":"list_assets","type":"image","_ts":"1776014857251"},"post_keys":[],"files_keys":[]}
[2026-04-12T13:27:38-04:00] Incoming request | {"method":"GET","action":"list_assets","get":{"action":"list_assets","type":"audio","_ts":"1776014857251"},"post_keys":[],"files_keys":[]}
[2026-04-12T13:32:59-04:00] Incoming request | {"method":"GET","action":"list_assets","get":{"action":"list_assets","type":"image","_ts":"1776015178297"},"post_keys":[],"files_keys":[]}
[2026-04-12T13:32:59-04:00] Incoming request | {"method":"GET","action":"list_assets","get":{"action":"list_assets","type":"audio","_ts":"1776015178297"},"post_keys":[],"files_keys":[]}
[2026-04-12T13:39:33-04:00] Incoming request | {"method":"GET","action":"list_assets","get":{"action":"list_assets","type":"image","_ts":"1776015572287"},"post_keys":[],"files_keys":[]}
[2026-04-12T13:39:33-04:00] Incoming request | {"method":"GET","action":"list_assets","get":{"action":"list_assets","type":"audio","_ts":"1776015572287"},"post_keys":[],"files_keys":[]}
[2026-04-12T13:45:32-04:00] Incoming request | {"method":"GET","action":"list_assets","get":{"action":"list_assets","type":"image","_ts":"1776015932188"},"post_keys":[],"files_keys":[]}
[2026-04-12T13:45:32-04:00] Incoming request | {"method":"GET","action":"list_assets","get":{"action":"list_assets","type":"audio","_ts":"1776015932189"},"post_keys":[],"files_keys":[]}
[2026-04-12T13:45:55-04:00] Incoming request | {"method":"POST","action":"delete_layout","get":{"action":"delete_layout"},"post_keys":[],"files_keys":[]}
[2026-04-12T13:46:00-04:00] Incoming request | {"method":"POST","action":"save_all","get":{"action":"save_all"},"post_keys":[],"files_keys":[]}
[2026-04-12T13:46:01-04:00] Incoming request | {"method":"GET","action":"list_assets","get":{"action":"list_assets","type":"image","_ts":"1776015960842"},"post_keys":[],"files_keys":[]}
[2026-04-12T13:46:01-04:00] Incoming request | {"method":"GET","action":"list_assets","get":{"action":"list_assets","type":"audio","_ts":"1776015960843"},"post_keys":[],"files_keys":[]}
[2026-04-12T13:46:17-04:00] Incoming request | {"method":"POST","action":"save_all","get":{"action":"save_all"},"post_keys":[],"files_keys":[]}
[2026-04-12T13:46:26-04:00] Incoming request | {"method":"POST","action":"delete_question_type","get":{"action":"delete_question_type"},"post_keys":[],"files_keys":[]}
[2026-04-12T13:46:27-04:00] Incoming request | {"method":"POST","action":"delete_question_type","get":{"action":"delete_question_type"},"post_keys":[],"files_keys":[]}
[2026-04-12T13:46:29-04:00] Incoming request | {"method":"POST","action":"delete_question_type","get":{"action":"delete_question_type"},"post_keys":[],"files_keys":[]}
[2026-04-12T13:46:29-04:00] Incoming request | {"method":"POST","action":"delete_question_type","get":{"action":"delete_question_type"},"post_keys":[],"files_keys":[]}
[2026-04-12T13:46:31-04:00] Incoming request | {"method":"POST","action":"delete_question_type","get":{"action":"delete_question_type"},"post_keys":[],"files_keys":[]}
[2026-04-12T13:46:32-04:00] Incoming request | {"method":"POST","action":"delete_question_type","get":{"action":"delete_question_type"},"post_keys":[],"files_keys":[]}
[2026-04-12T13:46:35-04:00] Incoming request | {"method":"POST","action":"save_all","get":{"action":"save_all"},"post_keys":[],"files_keys":[]}
[2026-04-12T13:46:36-04:00] Incoming request | {"method":"GET","action":"list_assets","get":{"action":"list_assets","type":"image","_ts":"1776015996060"},"post_keys":[],"files_keys":[]}
[2026-04-12T13:46:36-04:00] Incoming request | {"method":"GET","action":"list_assets","get":{"action":"list_assets","type":"audio","_ts":"1776015996061"},"post_keys":[],"files_keys":[]}
[2026-04-12T13:47:00-04:00] Incoming request | {"method":"GET","action":"list_assets","get":{"action":"list_assets","type":"image","_ts":"1776016019765"},"post_keys":[],"files_keys":[]}
[2026-04-12T13:47:55-04:00] Incoming request | {"method":"GET","action":"list_assets","get":{"action":"list_assets","type":"image","_ts":"1776016075189"},"post_keys":[],"files_keys":[]}
[2026-04-12T13:48:08-04:00] Incoming request | {"method":"GET","action":"list_assets","get":{"action":"list_assets","type":"image","_ts":"1776016087444"},"post_keys":[],"files_keys":[]}
[2026-04-12T13:48:08-04:00] Incoming request | {"method":"GET","action":"list_assets","get":{"action":"list_assets","type":"audio","_ts":"1776016087445"},"post_keys":[],"files_keys":[]}
[2026-04-12T15:17:39-04:00] Incoming request | {"method":"GET","action":"list_assets","get":{"action":"list_assets","type":"image","_ts":"1776021457693"},"post_keys":[],"files_keys":[]}
[2026-04-12T15:17:39-04:00] Incoming request | {"method":"GET","action":"list_assets","get":{"action":"list_assets","type":"audio","_ts":"1776021457694"},"post_keys":[],"files_keys":[]}
[2026-04-12T15:17:41-04:00] Incoming request | {"method":"GET","action":"list_assets","get":{"action":"list_assets","type":"image","_ts":"1776021460166"},"post_keys":[],"files_keys":[]}
[2026-04-12T15:17:41-04:00] Incoming request | {"method":"GET","action":"list_assets","get":{"action":"list_assets","type":"audio","_ts":"1776021460167"},"post_keys":[],"files_keys":[]}
[2026-04-12T15:17:52-04:00] Incoming request | {"method":"GET","action":"list_assets","get":{"action":"list_assets","type":"image","_ts":"1776021471357"},"post_keys":[],"files_keys":[]}
[2026-04-12T15:17:53-04:00] Incoming request | {"method":"GET","action":"list_assets","get":{"action":"list_assets","type":"audio","_ts":"1776021471358"},"post_keys":[],"files_keys":[]}
[2026-04-12T15:18:10-04:00] Incoming request | {"method":"POST","action":"delete_layout","get":{"action":"delete_layout"},"post_keys":[],"files_keys":[]}
[2026-04-12T15:18:12-04:00] Incoming request | {"method":"POST","action":"delete_layout","get":{"action":"delete_layout"},"post_keys":[],"files_keys":[]}
[2026-04-12T15:18:14-04:00] Incoming request | {"method":"POST","action":"delete_layout","get":{"action":"delete_layout"},"post_keys":[],"files_keys":[]}
[2026-04-12T15:18:19-04:00] Incoming request | {"method":"POST","action":"save_all","get":{"action":"save_all"},"post_keys":[],"files_keys":[]}
[2026-04-12T15:18:22-04:00] Incoming request | {"method":"GET","action":"list_assets","get":{"action":"list_assets","type":"image","_ts":"1776021501091"},"post_keys":[],"files_keys":[]}
[2026-04-12T15:18:22-04:00] Incoming request | {"method":"GET","action":"list_assets","get":{"action":"list_assets","type":"audio","_ts":"1776021501093"},"post_keys":[],"files_keys":[]}
[2026-04-12T15:18:49-04:00] Incoming request | {"method":"POST","action":"delete_layout","get":{"action":"delete_layout"},"post_keys":[],"files_keys":[]}
[2026-04-12T15:18:50-04:00] Incoming request | {"method":"POST","action":"delete_layout","get":{"action":"delete_layout"},"post_keys":[],"files_keys":[]}
[2026-04-12T15:18:54-04:00] Incoming request | {"method":"POST","action":"save_all","get":{"action":"save_all"},"post_keys":[],"files_keys":[]}
[2026-04-12T15:18:59-04:00] Incoming request | {"method":"POST","action":"delete_layout","get":{"action":"delete_layout"},"post_keys":[],"files_keys":[]}
[2026-04-12T15:19:02-04:00] Incoming request | {"method":"POST","action":"save_all","get":{"action":"save_all"},"post_keys":[],"files_keys":[]}
[2026-04-12T15:19:54-04:00] Incoming request | {"method":"POST","action":"save_all","get":{"action":"save_all"},"post_keys":[],"files_keys":[]}
[2026-04-12T15:20:09-04:00] Incoming request | {"method":"GET","action":"list_assets","get":{"action":"list_assets","type":"image","_ts":"1776021608221"},"post_keys":[],"files_keys":[]}
[2026-04-12T15:20:09-04:00] Incoming request | {"method":"GET","action":"list_assets","get":{"action":"list_assets","type":"audio","_ts":"1776021608223"},"post_keys":[],"files_keys":[]}
[2026-04-12T15:20:26-04:00] Incoming request | {"method":"POST","action":"delete_question_type","get":{"action":"delete_question_type"},"post_keys":[],"files_keys":[]}
[2026-04-12T15:21:20-04:00] Incoming request | {"method":"POST","action":"save_all","get":{"action":"save_all"},"post_keys":[],"files_keys":[]}
[2026-04-12T15:21:25-04:00] Incoming request | {"method":"GET","action":"list_assets","get":{"action":"list_assets","type":"image","_ts":"1776021684369"},"post_keys":[],"files_keys":[]}
[2026-04-12T15:21:26-04:00] Incoming request | {"method":"GET","action":"list_assets","get":{"action":"list_assets","type":"audio","_ts":"1776021684370"},"post_keys":[],"files_keys":[]}
[2026-04-12T15:26:04-04:00] Incoming request | {"method":"GET","action":"list_assets","get":{"action":"list_assets","type":"image","_ts":"1776021962757"},"post_keys":[],"files_keys":[]}
[2026-04-12T15:26:04-04:00] Incoming request | {"method":"GET","action":"list_assets","get":{"action":"list_assets","type":"audio","_ts":"1776021962757"},"post_keys":[],"files_keys":[]}
[2026-04-12T15:28:43-04:00] Incoming request | {"method":"GET","action":"list_assets","get":{"action":"list_assets","type":"image","_ts":"1776022121602"},"post_keys":[],"files_keys":[]}
[2026-04-12T15:28:43-04:00] Incoming request | {"method":"GET","action":"list_assets","get":{"action":"list_assets","type":"audio","_ts":"1776022121603"},"post_keys":[],"files_keys":[]}
[2026-04-12T15:28:59-04:00] Incoming request | {"method":"GET","action":"list_assets","get":{"action":"list_assets","type":"image","_ts":"1776022137929"},"post_keys":[],"files_keys":[]}
[2026-04-12T15:28:59-04:00] Incoming request | {"method":"GET","action":"list_assets","get":{"action":"list_assets","type":"audio","_ts":"1776022137930"},"post_keys":[],"files_keys":[]}
[2026-04-12T15:29:16-04:00] Incoming request | {"method":"GET","action":"list_assets","get":{"action":"list_assets","type":"image","_ts":"1776022154958"},"post_keys":[],"files_keys":[]}
[2026-04-12T15:29:16-04:00] Incoming request | {"method":"GET","action":"list_assets","get":{"action":"list_assets","type":"audio","_ts":"1776022154958"},"post_keys":[],"files_keys":[]}
[2026-04-12T15:29:21-04:00] Incoming request | {"method":"GET","action":"list_assets","get":{"action":"list_assets","type":"image","_ts":"1776022160290"},"post_keys":[],"files_keys":[]}
[2026-04-12T15:29:21-04:00] Incoming request | {"method":"GET","action":"list_assets","get":{"action":"list_assets","type":"audio","_ts":"1776022160292"},"post_keys":[],"files_keys":[]}
[2026-04-12T15:29:32-04:00] Incoming request | {"method":"GET","action":"list_assets","get":{"action":"list_assets","type":"image","_ts":"1776022170629"},"post_keys":[],"files_keys":[]}
[2026-04-12T15:29:32-04:00] Incoming request | {"method":"GET","action":"list_assets","get":{"action":"list_assets","type":"audio","_ts":"1776022170630"},"post_keys":[],"files_keys":[]}
[2026-04-12T15:29:37-04:00] Incoming request | {"method":"GET","action":"ensure_upload_dirs","get":{"action":"ensure_upload_dirs","_ts":"1776022175706"},"post_keys":[],"files_keys":[]}
[2026-04-12T15:29:48-04:00] Incoming request | {"method":"GET","action":"list_assets","get":{"action":"list_assets","type":"image","_ts":"1776022186493"},"post_keys":[],"files_keys":[]}
[2026-04-12T15:29:48-04:00] Incoming request | {"method":"GET","action":"list_assets","get":{"action":"list_assets","type":"audio","_ts":"1776022186493"},"post_keys":[],"files_keys":[]}
[2026-04-13T01:50:13-04:00] Incoming request | {"method":"GET","action":"list_assets","get":{"action":"list_assets","type":"image","_ts":"1776059413032"},"post_keys":[],"files_keys":[]}
[2026-04-13T01:50:13-04:00] Incoming request | {"method":"GET","action":"list_assets","get":{"action":"list_assets","type":"audio","_ts":"1776059413034"},"post_keys":[],"files_keys":[]}
[2026-04-13T02:15:43-04:00] Incoming request | {"method":"GET","action":"list_assets","get":{"action":"list_assets","type":"image","_ts":"1776060943184"},"post_keys":[],"files_keys":[]}
[2026-04-13T02:15:43-04:00] Incoming request | {"method":"GET","action":"list_assets","get":{"action":"list_assets","type":"audio","_ts":"1776060943185"},"post_keys":[],"files_keys":[]}
[2026-04-13T02:31:45-04:00] Incoming request | {"method":"GET","action":"list_assets","get":{"action":"list_assets","type":"image","_ts":"1776061905616"},"post_keys":[],"files_keys":[]}
[2026-04-13T02:31:46-04:00] Incoming request | {"method":"GET","action":"list_assets","get":{"action":"list_assets","type":"audio","_ts":"1776061905618"},"post_keys":[],"files_keys":[]}
[2026-04-13T03:29:41-04:00] Incoming request | {"method":"GET","action":"list_assets","get":{"action":"list_assets","type":"image","_ts":"1776065381571"},"post_keys":[],"files_keys":[]}
[2026-04-13T03:29:41-04:00] Incoming request | {"method":"GET","action":"list_assets","get":{"action":"list_assets","type":"audio","_ts":"1776065381572"},"post_keys":[],"files_keys":[]}
[2026-04-13T03:29:43-04:00] Incoming request | {"method":"GET","action":"list_assets","get":{"action":"list_assets","type":"image","_ts":"1776065384083"},"post_keys":[],"files_keys":[]}
[2026-04-13T03:29:43-04:00] Incoming request | {"method":"GET","action":"list_assets","get":{"action":"list_assets","type":"audio","_ts":"1776065384084"},"post_keys":[],"files_keys":[]}
[2026-04-13T03:30:04-04:00] Incoming request | {"method":"GET","action":"list_assets","get":{"action":"list_assets","type":"audio","_ts":"1776065404419"},"post_keys":[],"files_keys":[]}
[2026-04-13T03:30:04-04:00] Incoming request | {"method":"GET","action":"list_assets","get":{"action":"list_assets","type":"image","_ts":"1776065404419"},"post_keys":[],"files_keys":[]}
[2026-04-13T03:30:42-04:00] Incoming request | {"method":"POST","action":"delete_layout","get":{"action":"delete_layout"},"post_keys":[],"files_keys":[]}
[2026-04-13T03:30:44-04:00] Incoming request | {"method":"POST","action":"delete_layout","get":{"action":"delete_layout"},"post_keys":[],"files_keys":[]}
[2026-04-13T03:31:00-04:00] Incoming request | {"method":"GET","action":"list_assets","get":{"action":"list_assets","type":"image","_ts":"1776065460393"},"post_keys":[],"files_keys":[]}
[2026-04-13T03:31:00-04:00] Incoming request | {"method":"GET","action":"list_assets","get":{"action":"list_assets","type":"audio","_ts":"1776065460394"},"post_keys":[],"files_keys":[]}
[2026-04-13T03:36:12-04:00] Incoming request | {"method":"POST","action":"save_all","get":{"action":"save_all"},"post_keys":[],"files_keys":[]}
[2026-04-13T07:53:12-04:00] Incoming request | {"method":"GET","action":"list_assets","get":{"action":"list_assets","type":"image","_ts":"1776081191838"},"post_keys":[],"files_keys":[]}
[2026-04-13T07:53:12-04:00] Incoming request | {"method":"GET","action":"list_assets","get":{"action":"list_assets","type":"audio","_ts":"1776081191839"},"post_keys":[],"files_keys":[]}
[2026-04-13T07:53:16-04:00] Incoming request | {"method":"GET","action":"list_assets","get":{"action":"list_assets","type":"image","_ts":"1776081195552"},"post_keys":[],"files_keys":[]}
[2026-04-13T07:53:16-04:00] Incoming request | {"method":"GET","action":"list_assets","get":{"action":"list_assets","type":"audio","_ts":"1776081195552"},"post_keys":[],"files_keys":[]}
[2026-04-13T07:57:34-04:00] Incoming request | {"method":"POST","action":"save_all","get":{"action":"save_all"},"post_keys":[],"files_keys":[]}
[2026-04-13T07:59:19-04:00] Incoming request | {"method":"GET","action":"list_assets","get":{"action":"list_assets","type":"image","_ts":"1776081559170"},"post_keys":[],"files_keys":[]}
[2026-04-13T07:59:19-04:00] Incoming request | {"method":"GET","action":"list_assets","get":{"action":"list_assets","type":"audio","_ts":"1776081559172"},"post_keys":[],"files_keys":[]}
[2026-04-13T08:11:11-04:00] Incoming request | {"method":"GET","action":"list_assets","get":{"action":"list_assets","type":"image","_ts":"1776082271046"},"post_keys":[],"files_keys":[]}
[2026-04-13T08:13:50-04:00] Incoming request | {"method":"GET","action":"list_assets","get":{"action":"list_assets","type":"image","_ts":"1776082430245"},"post_keys":[],"files_keys":[]}
[2026-04-13T08:13:50-04:00] Incoming request | {"method":"GET","action":"list_assets","get":{"action":"list_assets","type":"audio","_ts":"1776082430246"},"post_keys":[],"files_keys":[]}
[2026-04-13T08:13:54-04:00] Incoming request | {"method":"GET","action":"list_assets","get":{"action":"list_assets","type":"image","_ts":"1776082433563"},"post_keys":[],"files_keys":[]}
[2026-04-13T08:13:54-04:00] Incoming request | {"method":"GET","action":"list_assets","get":{"action":"list_assets","type":"audio","_ts":"1776082433564"},"post_keys":[],"files_keys":[]}
[2026-04-13T08:15:14-04:00] Incoming request | {"method":"POST","action":"save_all","get":{"action":"save_all"},"post_keys":[],"files_keys":[]}
[2026-04-13T08:15:53-04:00] Incoming request | {"method":"GET","action":"list_assets","get":{"action":"list_assets","type":"image","_ts":"1776082552595"},"post_keys":[],"files_keys":[]}
[2026-04-13T08:17:58-04:00] Incoming request | {"method":"POST","action":"delete_theme","get":{"action":"delete_theme"},"post_keys":[],"files_keys":[]}
[2026-04-13T08:18:00-04:00] Incoming request | {"method":"POST","action":"delete_theme","get":{"action":"delete_theme"},"post_keys":[],"files_keys":[]}
[2026-04-13T08:18:02-04:00] Incoming request | {"method":"GET","action":"list_assets","get":{"action":"list_assets","type":"image","_ts":"1776082681547"},"post_keys":[],"files_keys":[]}
[2026-04-13T08:18:02-04:00] Incoming request | {"method":"GET","action":"list_assets","get":{"action":"list_assets","type":"audio","_ts":"1776082681547"},"post_keys":[],"files_keys":[]}
[2026-04-13T08:18:09-04:00] Incoming request | {"method":"POST","action":"delete_theme","get":{"action":"delete_theme"},"post_keys":[],"files_keys":[]}
[2026-04-13T08:18:11-04:00] Incoming request | {"method":"GET","action":"list_assets","get":{"action":"list_assets","type":"image","_ts":"1776082690610"},"post_keys":[],"files_keys":[]}
[2026-04-13T08:18:11-04:00] Incoming request | {"method":"GET","action":"list_assets","get":{"action":"list_assets","type":"audio","_ts":"1776082690611"},"post_keys":[],"files_keys":[]}
[2026-04-13T08:19:39-04:00] Incoming request | {"method":"GET","action":"ensure_upload_dirs","get":{"action":"ensure_upload_dirs","_ts":"1776082778470"},"post_keys":[],"files_keys":[]}
[2026-04-13T08:19:39-04:00] Incoming request | {"method":"POST","action":"upload_assets","get":{"action":"upload_assets","type":"image"},"post_keys":[],"files_keys":["upload_files"]}
[2026-04-13T08:32:00-04:00] Incoming request | {"method":"GET","action":"list_assets","get":{"action":"list_assets","type":"image","_ts":"1776083520286"},"post_keys":[],"files_keys":[]}
[2026-04-13T08:32:00-04:00] Incoming request | {"method":"GET","action":"list_assets","get":{"action":"list_assets","type":"audio","_ts":"1776083520287"},"post_keys":[],"files_keys":[]}
[2026-04-13T08:32:07-04:00] Incoming request | {"method":"POST","action":"delete_theme","get":{"action":"delete_theme"},"post_keys":[],"files_keys":[]}
[2026-04-13T08:32:08-04:00] Incoming request | {"method":"POST","action":"delete_theme","get":{"action":"delete_theme"},"post_keys":[],"files_keys":[]}
[2026-04-13T08:32:09-04:00] Incoming request | {"method":"GET","action":"list_assets","get":{"action":"list_assets","type":"image","_ts":"1776083528984"},"post_keys":[],"files_keys":[]}
[2026-04-13T08:32:09-04:00] Incoming request | {"method":"GET","action":"list_assets","get":{"action":"list_assets","type":"audio","_ts":"1776083528985"},"post_keys":[],"files_keys":[]}
[2026-04-13T08:33:06-04:00] Incoming request | {"method":"POST","action":"save_theme","get":{"action":"save_theme"},"post_keys":[],"files_keys":[]}
[2026-04-13T08:33:09-04:00] Incoming request | {"method":"POST","action":"save_theme","get":{"action":"save_theme"},"post_keys":[],"files_keys":[]}
[2026-04-13T08:33:09-04:00] Incoming request | {"method":"POST","action":"save_theme","get":{"action":"save_theme"},"post_keys":[],"files_keys":[]}
[2026-04-13T08:33:11-04:00] Incoming request | {"method":"POST","action":"save_theme","get":{"action":"save_theme"},"post_keys":[],"files_keys":[]}
[2026-04-13T08:33:11-04:00] Incoming request | {"method":"POST","action":"save_theme","get":{"action":"save_theme"},"post_keys":[],"files_keys":[]}
[2026-04-13T08:33:26-04:00] Incoming request | {"method":"POST","action":"save_theme","get":{"action":"save_theme"},"post_keys":[],"files_keys":[]}
[2026-04-13T08:33:31-04:00] Incoming request | {"method":"GET","action":"list_assets","get":{"action":"list_assets","type":"image","_ts":"1776083610842"},"post_keys":[],"files_keys":[]}
[2026-04-13T08:33:31-04:00] Incoming request | {"method":"GET","action":"list_assets","get":{"action":"list_assets","type":"audio","_ts":"1776083610843"},"post_keys":[],"files_keys":[]}
[2026-04-13T08:34:14-04:00] Incoming request | {"method":"POST","action":"save_theme","get":{"action":"save_theme"},"post_keys":[],"files_keys":[]}
[2026-04-13T08:38:02-04:00] Incoming request | {"method":"POST","action":"save_all","get":{"action":"save_all"},"post_keys":[],"files_keys":[]}
[2026-04-13T08:39:17-04:00] Incoming request | {"method":"GET","action":"list_assets","get":{"action":"list_assets","type":"image","_ts":"1776083957151"},"post_keys":[],"files_keys":[]}
[2026-04-13T08:40:01-04:00] Incoming request | {"method":"GET","action":"list_assets","get":{"action":"list_assets","type":"image","_ts":"1776084001412"},"post_keys":[],"files_keys":[]}
[2026-04-13T08:40:01-04:00] Incoming request | {"method":"GET","action":"list_assets","get":{"action":"list_assets","type":"audio","_ts":"1776084001412"},"post_keys":[],"files_keys":[]}
[2026-04-13T08:40:48-04:00] Incoming request | {"method":"GET","action":"list_assets","get":{"action":"list_assets","type":"image","_ts":"1776084048057"},"post_keys":[],"files_keys":[]}
[2026-04-13T08:40:48-04:00] Incoming request | {"method":"GET","action":"list_assets","get":{"action":"list_assets","type":"audio","_ts":"1776084048058"},"post_keys":[],"files_keys":[]}
[2026-04-13T08:46:04-04:00] Incoming request | {"method":"POST","action":"save_all","get":{"action":"save_all"},"post_keys":[],"files_keys":[]}
[2026-04-13T09:05:48-04:00] Incoming request | {"method":"GET","action":"list_assets","get":{"action":"list_assets","type":"image","_ts":"1776085548144"},"post_keys":[],"files_keys":[]}
[2026-04-13T09:05:48-04:00] Incoming request | {"method":"GET","action":"list_assets","get":{"action":"list_assets","type":"audio","_ts":"1776085548145"},"post_keys":[],"files_keys":[]}
[2026-04-13T09:06:32-04:00] Incoming request | {"method":"POST","action":"save_quizz","get":{"action":"save_quizz"},"post_keys":[],"files_keys":[]}
[2026-04-13T09:06:37-04:00] Incoming request | {"method":"GET","action":"list_assets","get":{"action":"list_assets","type":"image","_ts":"1776085597191"},"post_keys":[],"files_keys":[]}
[2026-04-13T09:06:37-04:00] Incoming request | {"method":"GET","action":"list_assets","get":{"action":"list_assets","type":"audio","_ts":"1776085597192"},"post_keys":[],"files_keys":[]}
[2026-04-13T09:07:28-04:00] Incoming request | {"method":"POST","action":"save_quizz","get":{"action":"save_quizz"},"post_keys":[],"files_keys":[]}
[2026-04-13T09:08:02-04:00] Incoming request | {"method":"GET","action":"list_assets","get":{"action":"list_assets","type":"image","_ts":"1776085682114"},"post_keys":[],"files_keys":[]}
[2026-04-14T08:47:03-04:00] Incoming request | {"method":"GET","action":"list_assets","get":{"action":"list_assets","type":"image","_ts":"1776170822787"},"post_keys":[],"files_keys":[]}
[2026-04-14T08:47:03-04:00] Incoming request | {"method":"GET","action":"list_assets","get":{"action":"list_assets","type":"audio","_ts":"1776170822788"},"post_keys":[],"files_keys":[]}
[2026-04-14T08:54:25-04:00] Incoming request | {"method":"GET","action":"ensure_upload_dirs","get":{"action":"ensure_upload_dirs","_ts":"1776171264656"},"post_keys":[],"files_keys":[]}
[2026-04-15T01:49:10-04:00] Incoming request | {"method":"GET","action":"list_assets","get":{"action":"list_assets","type":"image","_ts":"1776232148650"},"post_keys":[],"files_keys":[]}
[2026-04-15T01:49:10-04:00] Incoming request | {"method":"GET","action":"list_assets","get":{"action":"list_assets","type":"audio","_ts":"1776232148650"},"post_keys":[],"files_keys":[]}
[2026-04-15T02:16:44-04:00] Incoming request | {"method":"GET","action":"list_assets","get":{"action":"list_assets","type":"image","_ts":"1776233802544"},"post_keys":[],"files_keys":[]}
[2026-04-15T02:16:44-04:00] Incoming request | {"method":"GET","action":"list_assets","get":{"action":"list_assets","type":"audio","_ts":"1776233802545"},"post_keys":[],"files_keys":[]}
